execution starts at2016.11.18.10.18.26
all the properties has been extracted
createConnection is being executed..!!
execution starts at2016.11.18.15.18.53
all the properties has been extracted
createConnection is being executed..!!
connectioon is null in the connection config
connection is null  
java.sql.SQLException
	at com.trajon.sparrow.dao.EmployeeDAO.getEmployeeList(EmployeeDAO.java:35)
	at com.trajon.sparrow.services.EmployeeService.createEmployeeList(EmployeeService.java:20)
	at com.trajon.sparrow.controller.Controller.saveRawData(Controller.java:38)
	at com.trajon.sparrow.test.Tester.main(Tester.java:14)
Error is
com.trajon.sparrow.exceptions.EmptyList: List is emptyyy...!!
	at com.trajon.sparrow.services.FileService.populateFile(FileService.java:87)
	at com.trajon.sparrow.controller.Controller.saveRawData(Controller.java:40)
	at com.trajon.sparrow.test.Tester.main(Tester.java:14)
Error is {}
com.trajon.sparrow.exceptions.EmptyList: list is empty
	at com.trajon.sparrow.services.FileService.readFile(FileService.java:53)
	at com.trajon.sparrow.controller.Controller.saveNonDuplocateData(Controller.java:45)
	at com.trajon.sparrow.test.Tester.main(Tester.java:15)
Error is : Empty List 
com.trajon.sparrow.exceptions.EmptyList: list is empty
	at com.trajon.sparrow.services.DataService.getNonDuplicateList(DataService.java:57)
	at com.trajon.sparrow.controller.Controller.saveNonDuplocateData(Controller.java:47)
	at com.trajon.sparrow.test.Tester.main(Tester.java:15)
Error is
com.trajon.sparrow.exceptions.EmptyList: List is emptyyy...!!
	at com.trajon.sparrow.services.FileService.populateFile(FileService.java:87)
	at com.trajon.sparrow.controller.Controller.saveNonDuplocateData(Controller.java:50)
	at com.trajon.sparrow.test.Tester.main(Tester.java:15)
Error is : one of the list is empty
Error is : list is empty
Oops..List is empty
execution starts at2016.11.18.15.27.23
all the properties has been extracted
createConnection is being executed..!!
